0 info it worked if it ends with ok
1 verbose cli [ 'node', '/usr/local/bin/npm', 'publish' ]
2 info using npm@1.3.15
3 info using node@v0.10.3
4 verbose node symlink /usr/local/bin/node
5 verbose publish [ '.' ]
6 error Error: No version provided
6 error     at needVersion (/usr/local/lib/node_modules/npm/lib/publish.js:115:40)
6 error     at /usr/local/lib/node_modules/npm/lib/publish.js:35:10
6 error     at /usr/local/lib/node_modules/npm/node_modules/read-package-json/read-json.js:50:40
6 error     at final (/usr/local/lib/node_modules/npm/node_modules/read-package-json/read-json.js:317:17)
6 error     at then (/usr/local/lib/node_modules/npm/node_modules/read-package-json/read-json.js:124:33)
6 error     at /usr/local/lib/node_modules/npm/node_modules/read-package-json/read-json.js:299:40
6 error     at fs.js:266:14
6 error     at /usr/local/lib/node_modules/npm/node_modules/graceful-fs/graceful-fs.js:103:5
6 error     at Object.oncomplete (fs.js:107:15)
7 error If you need help, you may report this log at:
7 error     <http://github.com/isaacs/npm/issues>
7 error or email it to:
7 error     <npm-@googlegroups.com>
8 error System Darwin 13.0.0
9 error command "node" "/usr/local/bin/npm" "publish"
10 error cwd /Users/kristjanmik/Dropbox/apis/modules/apis-car
11 error node -v v0.10.3
12 error npm -v 1.3.15
13 verbose exit [ 1, true ]
